[5.206s] Invoking command in '/home/user/snc': PYTHONPATH=/home/user/snc/build/snc/prefix_override:/home/user/snc/install/snc/lib/python3.10/site-packages:${PYTHONPATH} _=/usr/bin/env /usr/bin/python3 -W ignore:setup.py install is deprecated setup.py egg_info --egg-base build/snc build --build-base /home/user/snc/build/snc/build install --record /home/user/snc/build/snc/install.log --single-version-externally-managed install_data
[7.008s] running egg_info
[7.010s] writing build/snc/snc.egg-info/PKG-INFO
[7.011s] writing dependency_links to build/snc/snc.egg-info/dependency_links.txt
[7.012s] writing entry points to build/snc/snc.egg-info/entry_points.txt
[7.013s] writing requirements to build/snc/snc.egg-info/requires.txt
[7.013s] writing top-level names to build/snc/snc.egg-info/top_level.txt
[7.016s] reading manifest file 'build/snc/snc.egg-info/SOURCES.txt'
[7.023s] writing manifest file 'build/snc/snc.egg-info/SOURCES.txt'
[7.027s] running build
[7.030s] running build_py
[7.031s] copying snc/track_home.py -> /home/user/snc/build/snc/build/lib/snc
[7.032s] running install
[7.033s] running install_lib
[7.035s] copying /home/user/snc/build/snc/build/lib/snc/track_home.py -> /home/user/snc/install/snc/lib/python3.10/site-packages/snc
[7.037s] byte-compiling /home/user/snc/install/snc/lib/python3.10/site-packages/snc/track_home.py to track_home.cpython-310.pyc
[7.092s] running install_data
[7.100s] running install_egg_info
[7.113s] removing '/home/user/snc/install/snc/lib/python3.10/site-packages/snc-0.0.0-py3.10.egg-info' (and everything under it)
[7.114s] Copying build/snc/snc.egg-info to /home/user/snc/install/snc/lib/python3.10/site-packages/snc-0.0.0-py3.10.egg-info
[7.128s] running install_scripts
[7.297s] Installing explore_wall_follow script to /home/user/snc/install/snc/lib/snc
[7.299s] Installing hazard_detection script to /home/user/snc/install/snc/lib/snc
[7.301s] Installing node_start script to /home/user/snc/install/snc/lib/snc
[7.302s] Installing track_home script to /home/user/snc/install/snc/lib/snc
[7.302s] Installing trigger_explore script to /home/user/snc/install/snc/lib/snc
[7.303s] writing list of installed files to '/home/user/snc/build/snc/install.log'
[7.516s] Invoked command in '/home/user/snc' returned '0': PYTHONPATH=/home/user/snc/build/snc/prefix_override:/home/user/snc/install/snc/lib/python3.10/site-packages:${PYTHONPATH} _=/usr/bin/env /usr/bin/python3 -W ignore:setup.py install is deprecated setup.py egg_info --egg-base build/snc build --build-base /home/user/snc/build/snc/build install --record /home/user/snc/build/snc/install.log --single-version-externally-managed install_data
