[1.013s] DEBUG:colcon:Command line arguments: ['/usr/bin/colcon', 'build']
[1.013s] DEBUG:colcon:Parsed command line arguments: Namespace(log_base=None, log_level=None, verb_name='build', build_base='build', install_base='install', merge_install=False, symlink_install=False, test_result_base=None, continue_on_error=False, executor='parallel', parallel_workers=8, event_handlers=None, ignore_user_meta=False, metas=['./colcon.meta'], base_paths=['.'], packages_ignore=None, packages_ignore_regex=None, paths=None, packages_up_to=None, packages_up_to_regex=None, packages_above=None, packages_above_and_dependencies=None, packages_above_depth=None, packages_select_by_dep=None, packages_skip_by_dep=None, packages_skip_up_to=None, packages_select_build_failed=False, packages_skip_build_finished=False, packages_select_test_failures=False, packages_skip_test_passed=False, packages_select=None, packages_skip=None, packages_select_regex=None, packages_skip_regex=None, packages_start=None, packages_end=None, lookup_in_workspace=False, cargo_args=None, clean_build=False, cmake_args=None, cmake_target=None, cmake_target_skip_unavailable=False, cmake_clean_cache=False, cmake_clean_first=False, cmake_force_configure=False, ament_cmake_args=None, catkin_cmake_args=None, catkin_skip_building_tests=False, mixin_files=None, mixin=None, verb_parser=<colcon_mixin.mixin.mixin_argument.MixinArgumentDecorator object at 0x7f0699b3b100>, verb_extension=<colcon_core.verb.build.BuildVerb object at 0x7f0699b3a590>, main=<bound method BuildVerb.main of <colcon_core.verb.build.BuildVerb object at 0x7f0699b3a590>>, mixin_verb=('build',))
[2.189s] Level 1:colcon.colcon_core.package_discovery:discover_packages(colcon_meta) check parameters
[2.191s] Level 1:colcon.colcon_core.package_discovery:discover_packages(recursive) check parameters
[2.191s] Level 1:colcon.colcon_core.package_discovery:discover_packages(ignore) check parameters
[2.191s] Level 1:colcon.colcon_core.package_discovery:discover_packages(path) check parameters
[2.191s] Level 1:colcon.colcon_core.package_discovery:discover_packages(colcon_meta) discover
[2.191s] Level 1:colcon.colcon_core.package_discovery:discover_packages(recursive) discover
[2.191s] INFO:colcon.colcon_core.package_discovery:Crawling recursively for packages in '/home/user/snc'
[2.191s] Level 1:colcon.colcon_core.package_identification:_identify(.) by extensions ['ignore', 'ignore_ament_install']
[2.191s] Level 1:colcon.colcon_core.package_identification:_identify(.) by extension 'ignore'
[2.192s] Level 1:colcon.colcon_core.package_identification:_identify(.) by extension 'ignore_ament_install'
[2.192s] Level 1:colcon.colcon_core.package_identification:_identify(.) by extensions ['colcon_pkg']
[2.192s] Level 1:colcon.colcon_core.package_identification:_identify(.) by extension 'colcon_pkg'
[2.192s] Level 1:colcon.colcon_core.package_identification:_identify(.) by extensions ['colcon_meta']
[2.192s] Level 1:colcon.colcon_core.package_identification:_identify(.) by extension 'colcon_meta'
[2.192s] Level 1:colcon.colcon_core.package_identification:_identify(.) by extensions ['ament_cargo']
[2.192s] Level 1:colcon.colcon_core.package_identification:_identify(.) by extension 'ament_cargo'
[2.192s] Level 1:colcon.colcon_core.package_identification:_identify(.) by extensions ['ros']
[2.192s] Level 1:colcon.colcon_core.package_identification:_identify(.) by extension 'ros'
[2.284s] DEBUG:colcon.colcon_core.package_identification:Package '.' with type 'ros.ament_python' and name 'snc'
[2.285s] Level 1:colcon.colcon_core.package_discovery:discover_packages(recursive) using defaults
[2.285s] Level 1:colcon.colcon_core.package_discovery:discover_packages(ignore) discover
[2.285s] Level 1:colcon.colcon_core.package_discovery:discover_packages(ignore) using defaults
[2.285s] Level 1:colcon.colcon_core.package_discovery:discover_packages(path) discover
[2.285s] Level 1:colcon.colcon_core.package_discovery:discover_packages(path) using defaults
[2.406s] Level 5:colcon.colcon_core.verb:set package 'snc' build argument 'lookup_in_workspace' from command line to 'False'
[2.406s] Level 5:colcon.colcon_core.verb:set package 'snc' build argument 'cargo_args' from command line to 'None'
[2.406s] Level 5:colcon.colcon_core.verb:set package 'snc' build argument 'clean_build' from command line to 'False'
[2.406s] Level 5:colcon.colcon_core.verb:set package 'snc' build argument 'cmake_args' from command line to 'None'
[2.406s] Level 5:colcon.colcon_core.verb:set package 'snc' build argument 'cmake_target' from command line to 'None'
[2.406s] Level 5:colcon.colcon_core.verb:set package 'snc' build argument 'cmake_target_skip_unavailable' from command line to 'False'
[2.406s] Level 5:colcon.colcon_core.verb:set package 'snc' build argument 'cmake_clean_cache' from command line to 'False'
[2.449s] Level 5:colcon.colcon_core.verb:set package 'snc' build argument 'cmake_clean_first' from command line to 'False'
[2.450s] Level 5:colcon.colcon_core.verb:set package 'snc' build argument 'cmake_force_configure' from command line to 'False'
[2.450s] Level 5:colcon.colcon_core.verb:set package 'snc' build argument 'ament_cmake_args' from command line to 'None'
[2.450s] Level 5:colcon.colcon_core.verb:set package 'snc' build argument 'catkin_cmake_args' from command line to 'None'
[2.450s] Level 5:colcon.colcon_core.verb:set package 'snc' build argument 'catkin_skip_building_tests' from command line to 'False'
[2.450s] DEBUG:colcon.colcon_core.verb:Building package 'snc' with the following arguments: {'ament_cmake_args': None, 'build_base': '/home/user/snc/build/snc', 'cargo_args': None, 'catkin_cmake_args': None, 'catkin_skip_building_tests': False, 'clean_build': False, 'cmake_args': None, 'cmake_clean_cache': False, 'cmake_clean_first': False, 'cmake_force_configure': False, 'cmake_target': None, 'cmake_target_skip_unavailable': False, 'install_base': '/home/user/snc/install/snc', 'lookup_in_workspace': False, 'merge_install': False, 'path': '/home/user/snc', 'symlink_install': False, 'test_result_base': None}
[2.450s] INFO:colcon.colcon_core.executor:Executing jobs using 'parallel' executor
[2.467s] DEBUG:colcon.colcon_parallel_executor.executor.parallel:run_until_complete
[2.471s] INFO:colcon.colcon_ros.task.ament_python.build:Building ROS package in '/home/user/snc' with build type 'ament_python'
[2.475s] Level 1:colcon.colcon_core.shell:create_environment_hook('snc', 'ament_prefix_path')
[2.481s] INFO:colcon.colcon_core.plugin_system:Skipping extension 'colcon_core.shell.bat': Not used on non-Windows systems
[2.481s] INFO:colcon.colcon_core.shell:Creating environment hook '/home/user/snc/install/snc/share/snc/hook/ament_prefix_path.ps1'
[2.482s] INFO:colcon.colcon_core.shell:Creating environment descriptor '/home/user/snc/install/snc/share/snc/hook/ament_prefix_path.dsv'
[2.483s] INFO:colcon.colcon_core.shell:Creating environment hook '/home/user/snc/install/snc/share/snc/hook/ament_prefix_path.sh'
[2.484s] INFO:colcon.colcon_core.shell:Skip shell extension 'powershell' for command environment: Not usable outside of PowerShell
[2.484s] DEBUG:colcon.colcon_core.shell:Skip shell extension 'dsv' for command environment
[2.490s] WARNING:colcon.colcon_ros.prefix_path.ament:The path '/home/user/ros2_ws/install/explore_lite' in the environment variable AMENT_PREFIX_PATH doesn't exist
[2.498s] WARNING:colcon.colcon_ros.prefix_path.catkin:The path '/home/user/ros2_ws/install/explore_lite' in the environment variable CMAKE_PREFIX_PATH doesn't exist
[4.596s] INFO:colcon.colcon_core.task.python.build:Building Python package in '/home/user/snc'
[4.597s] INFO:colcon.colcon_core.shell:Skip shell extension 'powershell' for command environment: Not usable outside of PowerShell
[4.598s] DEBUG:colcon.colcon_core.shell:Skip shell extension 'dsv' for command environment
[7.680s] DEBUG:colcon.colcon_core.event_handler.log_command:Invoking command in '/home/user/snc': PYTHONPATH=/home/user/snc/build/snc/prefix_override:/home/user/snc/install/snc/lib/python3.10/site-packages:${PYTHONPATH} _=/usr/bin/env /usr/bin/python3 -W ignore:setup.py install is deprecated setup.py egg_info --egg-base build/snc build --build-base /home/user/snc/build/snc/build install --record /home/user/snc/build/snc/install.log --single-version-externally-managed install_data
[9.988s] DEBUG:colcon.colcon_core.event_handler.log_command:Invoked command in '/home/user/snc' returned '0': PYTHONPATH=/home/user/snc/build/snc/prefix_override:/home/user/snc/install/snc/lib/python3.10/site-packages:${PYTHONPATH} _=/usr/bin/env /usr/bin/python3 -W ignore:setup.py install is deprecated setup.py egg_info --egg-base build/snc build --build-base /home/user/snc/build/snc/build install --record /home/user/snc/build/snc/install.log --single-version-externally-managed install_data
[9.990s] Level 1:colcon.colcon_core.environment:checking '/home/user/snc/install/snc' for CMake module files
[9.991s] Level 1:colcon.colcon_core.environment:checking '/home/user/snc/install/snc' for CMake config files
[9.993s] Level 1:colcon.colcon_core.environment:checking '/home/user/snc/install/snc/lib'
[9.994s] Level 1:colcon.colcon_core.environment:checking '/home/user/snc/install/snc/bin'
[9.994s] Level 1:colcon.colcon_core.environment:checking '/home/user/snc/install/snc/lib/pkgconfig/snc.pc'
[9.995s] Level 1:colcon.colcon_core.environment:checking '/home/user/snc/install/snc/lib/python3.10/site-packages'
[9.995s] Level 1:colcon.colcon_core.shell:create_environment_hook('snc', 'pythonpath')
[9.996s] INFO:colcon.colcon_core.shell:Creating environment hook '/home/user/snc/install/snc/share/snc/hook/pythonpath.ps1'
[9.997s] INFO:colcon.colcon_core.shell:Creating environment descriptor '/home/user/snc/install/snc/share/snc/hook/pythonpath.dsv'
[9.999s] INFO:colcon.colcon_core.shell:Creating environment hook '/home/user/snc/install/snc/share/snc/hook/pythonpath.sh'
[10.000s] Level 1:colcon.colcon_core.environment:checking '/home/user/snc/install/snc/bin'
[10.000s] Level 1:colcon.colcon_core.environment:create_environment_scripts_only(snc)
[10.001s] INFO:colcon.colcon_core.shell:Creating package script '/home/user/snc/install/snc/share/snc/package.ps1'
[10.006s] INFO:colcon.colcon_core.shell:Creating package descriptor '/home/user/snc/install/snc/share/snc/package.dsv'
[10.011s] INFO:colcon.colcon_core.shell:Creating package script '/home/user/snc/install/snc/share/snc/package.sh'
[10.013s] INFO:colcon.colcon_core.shell:Creating package script '/home/user/snc/install/snc/share/snc/package.bash'
[10.050s] INFO:colcon.colcon_core.shell:Creating package script '/home/user/snc/install/snc/share/snc/package.zsh'
[10.051s] Level 1:colcon.colcon_core.environment:create_file_with_runtime_dependencies(/home/user/snc/install/snc/share/colcon-core/packages/snc)
[10.059s] DEBUG:colcon.colcon_parallel_executor.executor.parallel:closing loop
[10.059s] DEBUG:colcon.colcon_parallel_executor.executor.parallel:loop closed
[10.059s] DEBUG:colcon.colcon_parallel_executor.executor.parallel:run_until_complete finished with '0'
[10.059s] DEBUG:colcon.colcon_core.event_reactor:joining thread
[10.080s] INFO:colcon.colcon_core.plugin_system:Skipping extension 'colcon_notification.desktop_notification.notify_send': Could not find 'notify-send'
[10.080s] INFO:colcon.colcon_core.plugin_system:Skipping extension 'colcon_notification.desktop_notification.terminal_notifier': Not used on non-Darwin systems
[10.080s] INFO:colcon.colcon_core.plugin_system:Skipping extension 'colcon_notification.desktop_notification.win32': Not used on non-Windows systems
[10.081s] INFO:colcon.colcon_notification.desktop_notification:Sending desktop notification using 'notify2'
[10.084s] DEBUG:colcon.colcon_notification.desktop_notification.notify2:Failed to initialize notify2: org.freedesktop.DBus.Error.Spawn.ExecFailed: /usr/bin/dbus-launch terminated abnormally without any error message
[10.087s] DEBUG:colcon.colcon_core.event_reactor:joined thread
[10.088s] INFO:colcon.colcon_core.shell:Creating prefix script '/home/user/snc/install/local_setup.ps1'
[10.097s] INFO:colcon.colcon_core.shell:Creating prefix util module '/home/user/snc/install/_local_setup_util_ps1.py'
[10.100s] INFO:colcon.colcon_core.shell:Creating prefix chain script '/home/user/snc/install/setup.ps1'
[10.108s] INFO:colcon.colcon_core.shell:Creating prefix script '/home/user/snc/install/local_setup.sh'
[10.116s] INFO:colcon.colcon_core.shell:Creating prefix util module '/home/user/snc/install/_local_setup_util_sh.py'
[10.117s] INFO:colcon.colcon_core.shell:Creating prefix chain script '/home/user/snc/install/setup.sh'
[10.180s] INFO:colcon.colcon_core.shell:Creating prefix script '/home/user/snc/install/local_setup.bash'
[10.190s] INFO:colcon.colcon_core.shell:Creating prefix chain script '/home/user/snc/install/setup.bash'
[10.230s] INFO:colcon.colcon_core.shell:Creating prefix script '/home/user/snc/install/local_setup.zsh'
[10.231s] INFO:colcon.colcon_core.shell:Creating prefix chain script '/home/user/snc/install/setup.zsh'
