[4.759s] Invoking command in '/home/user/snc': PYTHONPATH=/home/user/snc/build/snc/prefix_override:/home/user/snc/install/snc/lib/python3.10/site-packages:${PYTHONPATH} _=/usr/bin/env /usr/bin/python3 -W ignore:setup.py install is deprecated setup.py egg_info --egg-base build/snc build --build-base /home/user/snc/build/snc/build install --record /home/user/snc/build/snc/install.log --single-version-externally-managed install_data
[6.546s] running egg_info
[6.552s] writing build/snc/snc.egg-info/PKG-INFO
[6.552s] writing dependency_links to build/snc/snc.egg-info/dependency_links.txt
[6.552s] writing entry points to build/snc/snc.egg-info/entry_points.txt
[6.553s] writing requirements to build/snc/snc.egg-info/requires.txt
[6.553s] writing top-level names to build/snc/snc.egg-info/top_level.txt
[6.606s] reading manifest file 'build/snc/snc.egg-info/SOURCES.txt'
[6.607s] writing manifest file 'build/snc/snc.egg-info/SOURCES.txt'
[6.607s] running build
[6.607s] running build_py
[6.607s] copying snc/track_home.py -> /home/user/snc/build/snc/build/lib/snc
[6.607s] running install
[6.608s] running install_lib
[6.629s] copying /home/user/snc/build/snc/build/lib/snc/track_home.py -> /home/user/snc/install/snc/lib/python3.10/site-packages/snc
[6.633s] byte-compiling /home/user/snc/install/snc/lib/python3.10/site-packages/snc/track_home.py to track_home.cpython-310.pyc
[6.704s] running install_data
[6.708s] running install_egg_info
[6.722s] removing '/home/user/snc/install/snc/lib/python3.10/site-packages/snc-0.0.0-py3.10.egg-info' (and everything under it)
[6.734s] Copying build/snc/snc.egg-info to /home/user/snc/install/snc/lib/python3.10/site-packages/snc-0.0.0-py3.10.egg-info
[6.739s] running install_scripts
[6.898s] Installing explore_wall_follow script to /home/user/snc/install/snc/lib/snc
[6.899s] Installing hazard_detection script to /home/user/snc/install/snc/lib/snc
[6.899s] Installing node_start script to /home/user/snc/install/snc/lib/snc
[6.899s] Installing track_home script to /home/user/snc/install/snc/lib/snc
[6.900s] Installing trigger_explore script to /home/user/snc/install/snc/lib/snc
[6.900s] writing list of installed files to '/home/user/snc/build/snc/install.log'
[7.116s] Invoked command in '/home/user/snc' returned '0': PYTHONPATH=/home/user/snc/build/snc/prefix_override:/home/user/snc/install/snc/lib/python3.10/site-packages:${PYTHONPATH} _=/usr/bin/env /usr/bin/python3 -W ignore:setup.py install is deprecated setup.py egg_info --egg-base build/snc build --build-base /home/user/snc/build/snc/build install --record /home/user/snc/build/snc/install.log --single-version-externally-managed install_data
