[2.230s] DEBUG:colcon:Command line arguments: ['/usr/bin/colcon', 'build']
[2.230s] DEBUG:colcon:Parsed command line arguments: Namespace(log_base=None, log_level=None, verb_name='build', build_base='build', install_base='install', merge_install=False, symlink_install=False, test_result_base=None, continue_on_error=False, executor='parallel', parallel_workers=8, event_handlers=None, ignore_user_meta=False, metas=['./colcon.meta'], base_paths=['.'], packages_ignore=None, packages_ignore_regex=None, paths=None, packages_up_to=None, packages_up_to_regex=None, packages_above=None, packages_above_and_dependencies=None, packages_above_depth=None, packages_select_by_dep=None, packages_skip_by_dep=None, packages_skip_up_to=None, packages_select_build_failed=False, packages_skip_build_finished=False, packages_select_test_failures=False, packages_skip_test_passed=False, packages_select=None, packages_skip=None, packages_select_regex=None, packages_skip_regex=None, packages_start=None, packages_end=None, lookup_in_workspace=False, cargo_args=None, clean_build=False, cmake_args=None, cmake_target=None, cmake_target_skip_unavailable=False, cmake_clean_cache=False, cmake_clean_first=False, cmake_force_configure=False, ament_cmake_args=None, catkin_cmake_args=None, catkin_skip_building_tests=False, mixin_files=None, mixin=None, verb_parser=<colcon_mixin.mixin.mixin_argument.MixinArgumentDecorator object at 0x7f5bb9123100>, verb_extension=<colcon_core.verb.build.BuildVerb object at 0x7f5bb9122590>, main=<bound method BuildVerb.main of <colcon_core.verb.build.BuildVerb object at 0x7f5bb9122590>>, mixin_verb=('build',))
[18.095s] Level 1:colcon.colcon_core.package_discovery:discover_packages(colcon_meta) check parameters
[18.095s] Level 1:colcon.colcon_core.package_discovery:discover_packages(recursive) check parameters
[18.095s] Level 1:colcon.colcon_core.package_discovery:discover_packages(ignore) check parameters
[18.095s] Level 1:colcon.colcon_core.package_discovery:discover_packages(path) check parameters
[18.095s] Level 1:colcon.colcon_core.package_discovery:discover_packages(colcon_meta) discover
[18.096s] Level 1:colcon.colcon_core.package_discovery:discover_packages(recursive) discover
[18.096s] INFO:colcon.colcon_core.package_discovery:Crawling recursively for packages in '/home/user/snc'
[18.096s] Level 1:colcon.colcon_core.package_identification:_identify(.) by extensions ['ignore', 'ignore_ament_install']
[18.096s] Level 1:colcon.colcon_core.package_identification:_identify(.) by extension 'ignore'
[18.096s] Level 1:colcon.colcon_core.package_identification:_identify(.) by extension 'ignore_ament_install'
[18.096s] Level 1:colcon.colcon_core.package_identification:_identify(.) by extensions ['colcon_pkg']
[18.096s] Level 1:colcon.colcon_core.package_identification:_identify(.) by extension 'colcon_pkg'
[18.096s] Level 1:colcon.colcon_core.package_identification:_identify(.) by extensions ['colcon_meta']
[18.096s] Level 1:colcon.colcon_core.package_identification:_identify(.) by extension 'colcon_meta'
[18.096s] Level 1:colcon.colcon_core.package_identification:_identify(.) by extensions ['ament_cargo']
[18.096s] Level 1:colcon.colcon_core.package_identification:_identify(.) by extension 'ament_cargo'
[18.096s] Level 1:colcon.colcon_core.package_identification:_identify(.) by extensions ['ros']
[18.096s] Level 1:colcon.colcon_core.package_identification:_identify(.) by extension 'ros'
[18.188s] DEBUG:colcon.colcon_core.package_identification:Package '.' with type 'ros.ament_python' and name 'snc'
[18.188s] Level 1:colcon.colcon_core.package_discovery:discover_packages(recursive) using defaults
[18.188s] Level 1:colcon.colcon_core.package_discovery:discover_packages(ignore) discover
[18.188s] Level 1:colcon.colcon_core.package_discovery:discover_packages(ignore) using defaults
[18.188s] Level 1:colcon.colcon_core.package_discovery:discover_packages(path) discover
[18.188s] Level 1:colcon.colcon_core.package_discovery:discover_packages(path) using defaults
[18.392s] Level 5:colcon.colcon_core.verb:set package 'snc' build argument 'lookup_in_workspace' from command line to 'False'
[18.392s] Level 5:colcon.colcon_core.verb:set package 'snc' build argument 'cargo_args' from command line to 'None'
[18.392s] Level 5:colcon.colcon_core.verb:set package 'snc' build argument 'clean_build' from command line to 'False'
[18.392s] Level 5:colcon.colcon_core.verb:set package 'snc' build argument 'cmake_args' from command line to 'None'
[18.392s] Level 5:colcon.colcon_core.verb:set package 'snc' build argument 'cmake_target' from command line to 'None'
[18.392s] Level 5:colcon.colcon_core.verb:set package 'snc' build argument 'cmake_target_skip_unavailable' from command line to 'False'
[18.392s] Level 5:colcon.colcon_core.verb:set package 'snc' build argument 'cmake_clean_cache' from command line to 'False'
[18.392s] Level 5:colcon.colcon_core.verb:set package 'snc' build argument 'cmake_clean_first' from command line to 'False'
[18.392s] Level 5:colcon.colcon_core.verb:set package 'snc' build argument 'cmake_force_configure' from command line to 'False'
[18.392s] Level 5:colcon.colcon_core.verb:set package 'snc' build argument 'ament_cmake_args' from command line to 'None'
[18.392s] Level 5:colcon.colcon_core.verb:set package 'snc' build argument 'catkin_cmake_args' from command line to 'None'
[18.392s] Level 5:colcon.colcon_core.verb:set package 'snc' build argument 'catkin_skip_building_tests' from command line to 'False'
[18.393s] DEBUG:colcon.colcon_core.verb:Building package 'snc' with the following arguments: {'ament_cmake_args': None, 'build_base': '/home/user/snc/build/snc', 'cargo_args': None, 'catkin_cmake_args': None, 'catkin_skip_building_tests': False, 'clean_build': False, 'cmake_args': None, 'cmake_clean_cache': False, 'cmake_clean_first': False, 'cmake_force_configure': False, 'cmake_target': None, 'cmake_target_skip_unavailable': False, 'install_base': '/home/user/snc/install/snc', 'lookup_in_workspace': False, 'merge_install': False, 'path': '/home/user/snc', 'symlink_install': False, 'test_result_base': None}
[18.393s] INFO:colcon.colcon_core.executor:Executing jobs using 'parallel' executor
[18.395s] DEBUG:colcon.colcon_parallel_executor.executor.parallel:run_until_complete
[18.395s] INFO:colcon.colcon_ros.task.ament_python.build:Building ROS package in '/home/user/snc' with build type 'ament_python'
[18.399s] Level 1:colcon.colcon_core.shell:create_environment_hook('snc', 'ament_prefix_path')
[18.509s] INFO:colcon.colcon_core.plugin_system:Skipping extension 'colcon_core.shell.bat': Not used on non-Windows systems
[18.509s] INFO:colcon.colcon_core.shell:Creating environment hook '/home/user/snc/install/snc/share/snc/hook/ament_prefix_path.ps1'
[18.511s] INFO:colcon.colcon_core.shell:Creating environment descriptor '/home/user/snc/install/snc/share/snc/hook/ament_prefix_path.dsv'
[18.513s] INFO:colcon.colcon_core.shell:Creating environment hook '/home/user/snc/install/snc/share/snc/hook/ament_prefix_path.sh'
[18.514s] INFO:colcon.colcon_core.shell:Skip shell extension 'powershell' for command environment: Not usable outside of PowerShell
[18.514s] DEBUG:colcon.colcon_core.shell:Skip shell extension 'dsv' for command environment
[19.890s] INFO:colcon.colcon_core.task.python.build:Building Python package in '/home/user/snc'
[19.891s] INFO:colcon.colcon_core.shell:Skip shell extension 'powershell' for command environment: Not usable outside of PowerShell
[19.891s] DEBUG:colcon.colcon_core.shell:Skip shell extension 'dsv' for command environment
[25.598s] DEBUG:colcon.colcon_core.event_handler.log_command:Invoking command in '/home/user/snc': PYTHONPATH=/home/user/snc/build/snc/prefix_override:/home/user/snc/install/snc/lib/python3.10/site-packages:${PYTHONPATH} _=/usr/bin/env /usr/bin/python3 -W ignore:setup.py install is deprecated setup.py egg_info --egg-base build/snc build --build-base /home/user/snc/build/snc/build install --record /home/user/snc/build/snc/install.log --single-version-externally-managed install_data
[27.105s] DEBUG:colcon.colcon_core.event_handler.log_command:Invoked command in '/home/user/snc' returned '0': PYTHONPATH=/home/user/snc/build/snc/prefix_override:/home/user/snc/install/snc/lib/python3.10/site-packages:${PYTHONPATH} _=/usr/bin/env /usr/bin/python3 -W ignore:setup.py install is deprecated setup.py egg_info --egg-base build/snc build --build-base /home/user/snc/build/snc/build install --record /home/user/snc/build/snc/install.log --single-version-externally-managed install_data
[27.133s] Level 1:colcon.colcon_core.environment:checking '/home/user/snc/install/snc' for CMake module files
[27.133s] Level 1:colcon.colcon_core.environment:checking '/home/user/snc/install/snc' for CMake config files
[27.134s] Level 1:colcon.colcon_core.environment:checking '/home/user/snc/install/snc/lib'
[27.183s] Level 1:colcon.colcon_core.environment:checking '/home/user/snc/install/snc/bin'
[27.184s] Level 1:colcon.colcon_core.environment:checking '/home/user/snc/install/snc/lib/pkgconfig/snc.pc'
[27.184s] Level 1:colcon.colcon_core.environment:checking '/home/user/snc/install/snc/lib/python3.10/site-packages'
[27.184s] Level 1:colcon.colcon_core.shell:create_environment_hook('snc', 'pythonpath')
[27.184s] INFO:colcon.colcon_core.shell:Creating environment hook '/home/user/snc/install/snc/share/snc/hook/pythonpath.ps1'
[27.185s] INFO:colcon.colcon_core.shell:Creating environment descriptor '/home/user/snc/install/snc/share/snc/hook/pythonpath.dsv'
[27.185s] INFO:colcon.colcon_core.shell:Creating environment hook '/home/user/snc/install/snc/share/snc/hook/pythonpath.sh'
[27.186s] Level 1:colcon.colcon_core.environment:checking '/home/user/snc/install/snc/bin'
[27.186s] Level 1:colcon.colcon_core.environment:create_environment_scripts_only(snc)
[27.186s] INFO:colcon.colcon_core.shell:Creating package script '/home/user/snc/install/snc/share/snc/package.ps1'
[27.188s] INFO:colcon.colcon_core.shell:Creating package descriptor '/home/user/snc/install/snc/share/snc/package.dsv'
[27.190s] INFO:colcon.colcon_core.shell:Creating package script '/home/user/snc/install/snc/share/snc/package.sh'
[27.192s] INFO:colcon.colcon_core.shell:Creating package script '/home/user/snc/install/snc/share/snc/package.bash'
[27.195s] INFO:colcon.colcon_core.shell:Creating package script '/home/user/snc/install/snc/share/snc/package.zsh'
[27.197s] Level 1:colcon.colcon_core.environment:create_file_with_runtime_dependencies(/home/user/snc/install/snc/share/colcon-core/packages/snc)
[27.197s] DEBUG:colcon.colcon_parallel_executor.executor.parallel:closing loop
[27.198s] DEBUG:colcon.colcon_parallel_executor.executor.parallel:loop closed
[27.198s] DEBUG:colcon.colcon_parallel_executor.executor.parallel:run_until_complete finished with '0'
[27.198s] DEBUG:colcon.colcon_core.event_reactor:joining thread
[27.498s] INFO:colcon.colcon_core.plugin_system:Skipping extension 'colcon_notification.desktop_notification.notify_send': Could not find 'notify-send'
[27.498s] INFO:colcon.colcon_core.plugin_system:Skipping extension 'colcon_notification.desktop_notification.terminal_notifier': Not used on non-Darwin systems
[27.498s] INFO:colcon.colcon_core.plugin_system:Skipping extension 'colcon_notification.desktop_notification.win32': Not used on non-Windows systems
[27.499s] INFO:colcon.colcon_notification.desktop_notification:Sending desktop notification using 'notify2'
[27.508s] DEBUG:colcon.colcon_notification.desktop_notification.notify2:Failed to initialize notify2: org.freedesktop.DBus.Error.Spawn.ExecFailed: /usr/bin/dbus-launch terminated abnormally without any error message
[27.509s] DEBUG:colcon.colcon_core.event_reactor:joined thread
[27.510s] INFO:colcon.colcon_core.shell:Creating prefix script '/home/user/snc/install/local_setup.ps1'
[27.513s] INFO:colcon.colcon_core.shell:Creating prefix util module '/home/user/snc/install/_local_setup_util_ps1.py'
[27.515s] INFO:colcon.colcon_core.shell:Creating prefix chain script '/home/user/snc/install/setup.ps1'
[27.583s] INFO:colcon.colcon_core.shell:Creating prefix script '/home/user/snc/install/local_setup.sh'
[27.585s] INFO:colcon.colcon_core.shell:Creating prefix util module '/home/user/snc/install/_local_setup_util_sh.py'
[27.586s] INFO:colcon.colcon_core.shell:Creating prefix chain script '/home/user/snc/install/setup.sh'
[27.593s] INFO:colcon.colcon_core.shell:Creating prefix script '/home/user/snc/install/local_setup.bash'
[27.594s] INFO:colcon.colcon_core.shell:Creating prefix chain script '/home/user/snc/install/setup.bash'
[27.599s] INFO:colcon.colcon_core.shell:Creating prefix script '/home/user/snc/install/local_setup.zsh'
[27.691s] INFO:colcon.colcon_core.shell:Creating prefix chain script '/home/user/snc/install/setup.zsh'
