[0.647s] DEBUG:colcon:Command line arguments: ['/usr/bin/colcon', 'build']
[0.647s] DEBUG:colcon:Parsed command line arguments: Namespace(log_base=None, log_level=None, verb_name='build', build_base='build', install_base='install', merge_install=False, symlink_install=False, test_result_base=None, continue_on_error=False, executor='parallel', parallel_workers=8, event_handlers=None, ignore_user_meta=False, metas=['./colcon.meta'], base_paths=['.'], packages_ignore=None, packages_ignore_regex=None, paths=None, packages_up_to=None, packages_up_to_regex=None, packages_above=None, packages_above_and_dependencies=None, packages_above_depth=None, packages_select_by_dep=None, packages_skip_by_dep=None, packages_skip_up_to=None, packages_select_build_failed=False, packages_skip_build_finished=False, packages_select_test_failures=False, packages_skip_test_passed=False, packages_select=None, packages_skip=None, packages_select_regex=None, packages_skip_regex=None, packages_start=None, packages_end=None, lookup_in_workspace=False, cargo_args=None, clean_build=False, cmake_args=None, cmake_target=None, cmake_target_skip_unavailable=False, cmake_clean_cache=False, cmake_clean_first=False, cmake_force_configure=False, ament_cmake_args=None, catkin_cmake_args=None, catkin_skip_building_tests=False, mixin_files=None, mixin=None, verb_parser=<colcon_mixin.mixin.mixin_argument.MixinArgumentDecorator object at 0x7fd782cff100>, verb_extension=<colcon_core.verb.build.BuildVerb object at 0x7fd782cfe590>, main=<bound method BuildVerb.main of <colcon_core.verb.build.BuildVerb object at 0x7fd782cfe590>>, mixin_verb=('build',))
[1.963s] Level 1:colcon.colcon_core.package_discovery:discover_packages(colcon_meta) check parameters
[1.963s] Level 1:colcon.colcon_core.package_discovery:discover_packages(recursive) check parameters
[1.963s] Level 1:colcon.colcon_core.package_discovery:discover_packages(ignore) check parameters
[1.963s] Level 1:colcon.colcon_core.package_discovery:discover_packages(path) check parameters
[1.963s] Level 1:colcon.colcon_core.package_discovery:discover_packages(colcon_meta) discover
[1.963s] Level 1:colcon.colcon_core.package_discovery:discover_packages(recursive) discover
[1.964s] INFO:colcon.colcon_core.package_discovery:Crawling recursively for packages in '/home/user/snc'
[1.964s] Level 1:colcon.colcon_core.package_identification:_identify(.) by extensions ['ignore', 'ignore_ament_install']
[1.964s] Level 1:colcon.colcon_core.package_identification:_identify(.) by extension 'ignore'
[1.964s] Level 1:colcon.colcon_core.package_identification:_identify(.) by extension 'ignore_ament_install'
[1.964s] Level 1:colcon.colcon_core.package_identification:_identify(.) by extensions ['colcon_pkg']
[1.964s] Level 1:colcon.colcon_core.package_identification:_identify(.) by extension 'colcon_pkg'
[1.964s] Level 1:colcon.colcon_core.package_identification:_identify(.) by extensions ['colcon_meta']
[1.964s] Level 1:colcon.colcon_core.package_identification:_identify(.) by extension 'colcon_meta'
[1.964s] Level 1:colcon.colcon_core.package_identification:_identify(.) by extensions ['ament_cargo']
[1.964s] Level 1:colcon.colcon_core.package_identification:_identify(.) by extension 'ament_cargo'
[1.964s] Level 1:colcon.colcon_core.package_identification:_identify(.) by extensions ['ros']
[1.964s] Level 1:colcon.colcon_core.package_identification:_identify(.) by extension 'ros'
[2.045s] DEBUG:colcon.colcon_core.package_identification:Package '.' with type 'ros.ament_python' and name 'snc'
[2.045s] Level 1:colcon.colcon_core.package_discovery:discover_packages(recursive) using defaults
[2.045s] Level 1:colcon.colcon_core.package_discovery:discover_packages(ignore) discover
[2.045s] Level 1:colcon.colcon_core.package_discovery:discover_packages(ignore) using defaults
[2.045s] Level 1:colcon.colcon_core.package_discovery:discover_packages(path) discover
[2.045s] Level 1:colcon.colcon_core.package_discovery:discover_packages(path) using defaults
[2.136s] Level 5:colcon.colcon_core.verb:set package 'snc' build argument 'lookup_in_workspace' from command line to 'False'
[2.136s] Level 5:colcon.colcon_core.verb:set package 'snc' build argument 'cargo_args' from command line to 'None'
[2.136s] Level 5:colcon.colcon_core.verb:set package 'snc' build argument 'clean_build' from command line to 'False'
[2.136s] Level 5:colcon.colcon_core.verb:set package 'snc' build argument 'cmake_args' from command line to 'None'
[2.136s] Level 5:colcon.colcon_core.verb:set package 'snc' build argument 'cmake_target' from command line to 'None'
[2.136s] Level 5:colcon.colcon_core.verb:set package 'snc' build argument 'cmake_target_skip_unavailable' from command line to 'False'
[2.136s] Level 5:colcon.colcon_core.verb:set package 'snc' build argument 'cmake_clean_cache' from command line to 'False'
[2.136s] Level 5:colcon.colcon_core.verb:set package 'snc' build argument 'cmake_clean_first' from command line to 'False'
[2.136s] Level 5:colcon.colcon_core.verb:set package 'snc' build argument 'cmake_force_configure' from command line to 'False'
[2.136s] Level 5:colcon.colcon_core.verb:set package 'snc' build argument 'ament_cmake_args' from command line to 'None'
[2.136s] Level 5:colcon.colcon_core.verb:set package 'snc' build argument 'catkin_cmake_args' from command line to 'None'
[2.136s] Level 5:colcon.colcon_core.verb:set package 'snc' build argument 'catkin_skip_building_tests' from command line to 'False'
[2.136s] DEBUG:colcon.colcon_core.verb:Building package 'snc' with the following arguments: {'ament_cmake_args': None, 'build_base': '/home/user/snc/build/snc', 'cargo_args': None, 'catkin_cmake_args': None, 'catkin_skip_building_tests': False, 'clean_build': False, 'cmake_args': None, 'cmake_clean_cache': False, 'cmake_clean_first': False, 'cmake_force_configure': False, 'cmake_target': None, 'cmake_target_skip_unavailable': False, 'install_base': '/home/user/snc/install/snc', 'lookup_in_workspace': False, 'merge_install': False, 'path': '/home/user/snc', 'symlink_install': False, 'test_result_base': None}
[2.137s] INFO:colcon.colcon_core.executor:Executing jobs using 'parallel' executor
[2.143s] DEBUG:colcon.colcon_parallel_executor.executor.parallel:run_until_complete
[2.144s] INFO:colcon.colcon_ros.task.ament_python.build:Building ROS package in '/home/user/snc' with build type 'ament_python'
[2.144s] Level 1:colcon.colcon_core.shell:create_environment_hook('snc', 'ament_prefix_path')
[2.152s] INFO:colcon.colcon_core.plugin_system:Skipping extension 'colcon_core.shell.bat': Not used on non-Windows systems
[2.152s] INFO:colcon.colcon_core.shell:Creating environment hook '/home/user/snc/install/snc/share/snc/hook/ament_prefix_path.ps1'
[2.153s] INFO:colcon.colcon_core.shell:Creating environment descriptor '/home/user/snc/install/snc/share/snc/hook/ament_prefix_path.dsv'
[2.153s] INFO:colcon.colcon_core.shell:Creating environment hook '/home/user/snc/install/snc/share/snc/hook/ament_prefix_path.sh'
[2.193s] INFO:colcon.colcon_core.shell:Skip shell extension 'powershell' for command environment: Not usable outside of PowerShell
[2.193s] DEBUG:colcon.colcon_core.shell:Skip shell extension 'dsv' for command environment
[2.199s] WARNING:colcon.colcon_ros.prefix_path.ament:The path '/home/user/ros2_ws/install/explore_lite' in the environment variable AMENT_PREFIX_PATH doesn't exist
[2.201s] WARNING:colcon.colcon_ros.prefix_path.catkin:The path '/home/user/ros2_ws/install/explore_lite' in the environment variable CMAKE_PREFIX_PATH doesn't exist
[4.198s] INFO:colcon.colcon_core.task.python.build:Building Python package in '/home/user/snc'
[4.198s] INFO:colcon.colcon_core.shell:Skip shell extension 'powershell' for command environment: Not usable outside of PowerShell
[4.199s] DEBUG:colcon.colcon_core.shell:Skip shell extension 'dsv' for command environment
[6.951s] DEBUG:colcon.colcon_core.event_handler.log_command:Invoking command in '/home/user/snc': PYTHONPATH=/home/user/snc/build/snc/prefix_override:/home/user/snc/install/snc/lib/python3.10/site-packages:${PYTHONPATH} _=/usr/bin/env /usr/bin/python3 -W ignore:setup.py install is deprecated setup.py egg_info --egg-base build/snc build --build-base /home/user/snc/build/snc/build install --record /home/user/snc/build/snc/install.log --single-version-externally-managed install_data
[9.308s] DEBUG:colcon.colcon_core.event_handler.log_command:Invoked command in '/home/user/snc' returned '0': PYTHONPATH=/home/user/snc/build/snc/prefix_override:/home/user/snc/install/snc/lib/python3.10/site-packages:${PYTHONPATH} _=/usr/bin/env /usr/bin/python3 -W ignore:setup.py install is deprecated setup.py egg_info --egg-base build/snc build --build-base /home/user/snc/build/snc/build install --record /home/user/snc/build/snc/install.log --single-version-externally-managed install_data
[9.311s] Level 1:colcon.colcon_core.environment:checking '/home/user/snc/install/snc' for CMake module files
[9.311s] Level 1:colcon.colcon_core.environment:checking '/home/user/snc/install/snc' for CMake config files
[9.313s] Level 1:colcon.colcon_core.environment:checking '/home/user/snc/install/snc/lib'
[9.315s] Level 1:colcon.colcon_core.environment:checking '/home/user/snc/install/snc/bin'
[9.315s] Level 1:colcon.colcon_core.environment:checking '/home/user/snc/install/snc/lib/pkgconfig/snc.pc'
[9.316s] Level 1:colcon.colcon_core.environment:checking '/home/user/snc/install/snc/lib/python3.10/site-packages'
[9.316s] Level 1:colcon.colcon_core.shell:create_environment_hook('snc', 'pythonpath')
[9.317s] INFO:colcon.colcon_core.shell:Creating environment hook '/home/user/snc/install/snc/share/snc/hook/pythonpath.ps1'
[9.322s] INFO:colcon.colcon_core.shell:Creating environment descriptor '/home/user/snc/install/snc/share/snc/hook/pythonpath.dsv'
[9.322s] INFO:colcon.colcon_core.shell:Creating environment hook '/home/user/snc/install/snc/share/snc/hook/pythonpath.sh'
[9.323s] Level 1:colcon.colcon_core.environment:checking '/home/user/snc/install/snc/bin'
[9.323s] Level 1:colcon.colcon_core.environment:create_environment_scripts_only(snc)
[9.324s] INFO:colcon.colcon_core.shell:Creating package script '/home/user/snc/install/snc/share/snc/package.ps1'
[9.326s] INFO:colcon.colcon_core.shell:Creating package descriptor '/home/user/snc/install/snc/share/snc/package.dsv'
[9.326s] INFO:colcon.colcon_core.shell:Creating package script '/home/user/snc/install/snc/share/snc/package.sh'
[9.328s] INFO:colcon.colcon_core.shell:Creating package script '/home/user/snc/install/snc/share/snc/package.bash'
[9.329s] INFO:colcon.colcon_core.shell:Creating package script '/home/user/snc/install/snc/share/snc/package.zsh'
[9.330s] Level 1:colcon.colcon_core.environment:create_file_with_runtime_dependencies(/home/user/snc/install/snc/share/colcon-core/packages/snc)
[9.332s] DEBUG:colcon.colcon_parallel_executor.executor.parallel:closing loop
[9.332s] DEBUG:colcon.colcon_parallel_executor.executor.parallel:loop closed
[9.332s] DEBUG:colcon.colcon_parallel_executor.executor.parallel:run_until_complete finished with '0'
[9.332s] DEBUG:colcon.colcon_core.event_reactor:joining thread
[9.349s] INFO:colcon.colcon_core.plugin_system:Skipping extension 'colcon_notification.desktop_notification.notify_send': Could not find 'notify-send'
[9.349s] INFO:colcon.colcon_core.plugin_system:Skipping extension 'colcon_notification.desktop_notification.terminal_notifier': Not used on non-Darwin systems
[9.352s] INFO:colcon.colcon_core.plugin_system:Skipping extension 'colcon_notification.desktop_notification.win32': Not used on non-Windows systems
[9.352s] INFO:colcon.colcon_notification.desktop_notification:Sending desktop notification using 'notify2'
[9.396s] DEBUG:colcon.colcon_notification.desktop_notification.notify2:Failed to initialize notify2: org.freedesktop.DBus.Error.Spawn.ExecFailed: /usr/bin/dbus-launch terminated abnormally without any error message
[9.399s] DEBUG:colcon.colcon_core.event_reactor:joined thread
[9.400s] INFO:colcon.colcon_core.shell:Creating prefix script '/home/user/snc/install/local_setup.ps1'
[9.410s] INFO:colcon.colcon_core.shell:Creating prefix util module '/home/user/snc/install/_local_setup_util_ps1.py'
[9.418s] INFO:colcon.colcon_core.shell:Creating prefix chain script '/home/user/snc/install/setup.ps1'
[9.425s] INFO:colcon.colcon_core.shell:Creating prefix script '/home/user/snc/install/local_setup.sh'
[9.426s] INFO:colcon.colcon_core.shell:Creating prefix util module '/home/user/snc/install/_local_setup_util_sh.py'
[9.427s] INFO:colcon.colcon_core.shell:Creating prefix chain script '/home/user/snc/install/setup.sh'
[9.440s] INFO:colcon.colcon_core.shell:Creating prefix script '/home/user/snc/install/local_setup.bash'
[9.441s] INFO:colcon.colcon_core.shell:Creating prefix chain script '/home/user/snc/install/setup.bash'
[9.450s] INFO:colcon.colcon_core.shell:Creating prefix script '/home/user/snc/install/local_setup.zsh'
[9.451s] INFO:colcon.colcon_core.shell:Creating prefix chain script '/home/user/snc/install/setup.zsh'
