[4.481s] Invoking command in '/home/user/snc': PYTHONPATH=/home/user/snc/build/snc/prefix_override:/home/user/snc/install/snc/lib/python3.10/site-packages:${PYTHONPATH} _=/usr/bin/env /usr/bin/python3 -W ignore:setup.py install is deprecated setup.py egg_info --egg-base build/snc build --build-base /home/user/snc/build/snc/build install --record /home/user/snc/build/snc/install.log --single-version-externally-managed install_data
[6.190s] running egg_info
[6.194s] writing build/snc/snc.egg-info/PKG-INFO
[6.196s] writing dependency_links to build/snc/snc.egg-info/dependency_links.txt
[6.196s] writing entry points to build/snc/snc.egg-info/entry_points.txt
[6.196s] writing requirements to build/snc/snc.egg-info/requires.txt
[6.196s] writing top-level names to build/snc/snc.egg-info/top_level.txt
[6.200s] reading manifest file 'build/snc/snc.egg-info/SOURCES.txt'
[6.201s] writing manifest file 'build/snc/snc.egg-info/SOURCES.txt'
[6.202s] running build
[6.202s] running build_py
[6.203s] running install
[6.204s] running install_lib
[6.207s] running install_data
[6.208s] running install_egg_info
[6.271s] removing '/home/user/snc/install/snc/lib/python3.10/site-packages/snc-0.0.0-py3.10.egg-info' (and everything under it)
[6.275s] Copying build/snc/snc.egg-info to /home/user/snc/install/snc/lib/python3.10/site-packages/snc-0.0.0-py3.10.egg-info
[6.277s] running install_scripts
[6.398s] Installing explore_wall_follow script to /home/user/snc/install/snc/lib/snc
[6.398s] Installing hazard_detection script to /home/user/snc/install/snc/lib/snc
[6.399s] Installing node_start script to /home/user/snc/install/snc/lib/snc
[6.399s] Installing track_home script to /home/user/snc/install/snc/lib/snc
[6.400s] Installing trigger_explore script to /home/user/snc/install/snc/lib/snc
[6.401s] writing list of installed files to '/home/user/snc/build/snc/install.log'
[6.487s] Invoked command in '/home/user/snc' returned '0': PYTHONPATH=/home/user/snc/build/snc/prefix_override:/home/user/snc/install/snc/lib/python3.10/site-packages:${PYTHONPATH} _=/usr/bin/env /usr/bin/python3 -W ignore:setup.py install is deprecated setup.py egg_info --egg-base build/snc build --build-base /home/user/snc/build/snc/build install --record /home/user/snc/build/snc/install.log --single-version-externally-managed install_data
