[1.696s] DEBUG:colcon:Command line arguments: ['/usr/bin/colcon', 'build']
[1.698s] DEBUG:colcon:Parsed command line arguments: Namespace(log_base=None, log_level=None, verb_name='build', build_base='build', install_base='install', merge_install=False, symlink_install=False, test_result_base=None, continue_on_error=False, executor='parallel', parallel_workers=8, event_handlers=None, ignore_user_meta=False, metas=['./colcon.meta'], base_paths=['.'], packages_ignore=None, packages_ignore_regex=None, paths=None, packages_up_to=None, packages_up_to_regex=None, packages_above=None, packages_above_and_dependencies=None, packages_above_depth=None, packages_select_by_dep=None, packages_skip_by_dep=None, packages_skip_up_to=None, packages_select_build_failed=False, packages_skip_build_finished=False, packages_select_test_failures=False, packages_skip_test_passed=False, packages_select=None, packages_skip=None, packages_select_regex=None, packages_skip_regex=None, packages_start=None, packages_end=None, lookup_in_workspace=False, cargo_args=None, clean_build=False, cmake_args=None, cmake_target=None, cmake_target_skip_unavailable=False, cmake_clean_cache=False, cmake_clean_first=False, cmake_force_configure=False, ament_cmake_args=None, catkin_cmake_args=None, catkin_skip_building_tests=False, mixin_files=None, mixin=None, verb_parser=<colcon_mixin.mixin.mixin_argument.MixinArgumentDecorator object at 0x7f68f816b100>, verb_extension=<colcon_core.verb.build.BuildVerb object at 0x7f68f816a590>, main=<bound method BuildVerb.main of <colcon_core.verb.build.BuildVerb object at 0x7f68f816a590>>, mixin_verb=('build',))
[5.325s] Level 1:colcon.colcon_core.package_discovery:discover_packages(colcon_meta) check parameters
[5.325s] Level 1:colcon.colcon_core.package_discovery:discover_packages(recursive) check parameters
[5.325s] Level 1:colcon.colcon_core.package_discovery:discover_packages(ignore) check parameters
[5.325s] Level 1:colcon.colcon_core.package_discovery:discover_packages(path) check parameters
[5.325s] Level 1:colcon.colcon_core.package_discovery:discover_packages(colcon_meta) discover
[5.325s] Level 1:colcon.colcon_core.package_discovery:discover_packages(recursive) discover
[5.325s] INFO:colcon.colcon_core.package_discovery:Crawling recursively for packages in '/home/user/snc'
[5.325s] Level 1:colcon.colcon_core.package_identification:_identify(.) by extensions ['ignore', 'ignore_ament_install']
[5.325s] Level 1:colcon.colcon_core.package_identification:_identify(.) by extension 'ignore'
[5.325s] Level 1:colcon.colcon_core.package_identification:_identify(.) by extension 'ignore_ament_install'
[5.326s] Level 1:colcon.colcon_core.package_identification:_identify(.) by extensions ['colcon_pkg']
[5.326s] Level 1:colcon.colcon_core.package_identification:_identify(.) by extension 'colcon_pkg'
[5.326s] Level 1:colcon.colcon_core.package_identification:_identify(.) by extensions ['colcon_meta']
[5.326s] Level 1:colcon.colcon_core.package_identification:_identify(.) by extension 'colcon_meta'
[5.326s] Level 1:colcon.colcon_core.package_identification:_identify(.) by extensions ['ament_cargo']
[5.326s] Level 1:colcon.colcon_core.package_identification:_identify(.) by extension 'ament_cargo'
[5.326s] Level 1:colcon.colcon_core.package_identification:_identify(.) by extensions ['ros']
[5.326s] Level 1:colcon.colcon_core.package_identification:_identify(.) by extension 'ros'
[5.590s] DEBUG:colcon.colcon_core.package_identification:Package '.' with type 'ros.ament_python' and name 'snc'
[5.590s] Level 1:colcon.colcon_core.package_discovery:discover_packages(recursive) using defaults
[5.590s] Level 1:colcon.colcon_core.package_discovery:discover_packages(ignore) discover
[5.590s] Level 1:colcon.colcon_core.package_discovery:discover_packages(ignore) using defaults
[5.591s] Level 1:colcon.colcon_core.package_discovery:discover_packages(path) discover
[5.591s] Level 1:colcon.colcon_core.package_discovery:discover_packages(path) using defaults
[5.775s] Level 5:colcon.colcon_core.verb:set package 'snc' build argument 'lookup_in_workspace' from command line to 'False'
[5.776s] Level 5:colcon.colcon_core.verb:set package 'snc' build argument 'cargo_args' from command line to 'None'
[5.776s] Level 5:colcon.colcon_core.verb:set package 'snc' build argument 'clean_build' from command line to 'False'
[5.776s] Level 5:colcon.colcon_core.verb:set package 'snc' build argument 'cmake_args' from command line to 'None'
[5.776s] Level 5:colcon.colcon_core.verb:set package 'snc' build argument 'cmake_target' from command line to 'None'
[5.776s] Level 5:colcon.colcon_core.verb:set package 'snc' build argument 'cmake_target_skip_unavailable' from command line to 'False'
[5.776s] Level 5:colcon.colcon_core.verb:set package 'snc' build argument 'cmake_clean_cache' from command line to 'False'
[5.776s] Level 5:colcon.colcon_core.verb:set package 'snc' build argument 'cmake_clean_first' from command line to 'False'
[5.776s] Level 5:colcon.colcon_core.verb:set package 'snc' build argument 'cmake_force_configure' from command line to 'False'
[5.776s] Level 5:colcon.colcon_core.verb:set package 'snc' build argument 'ament_cmake_args' from command line to 'None'
[5.776s] Level 5:colcon.colcon_core.verb:set package 'snc' build argument 'catkin_cmake_args' from command line to 'None'
[5.776s] Level 5:colcon.colcon_core.verb:set package 'snc' build argument 'catkin_skip_building_tests' from command line to 'False'
[5.776s] DEBUG:colcon.colcon_core.verb:Building package 'snc' with the following arguments: {'ament_cmake_args': None, 'build_base': '/home/user/snc/build/snc', 'cargo_args': None, 'catkin_cmake_args': None, 'catkin_skip_building_tests': False, 'clean_build': False, 'cmake_args': None, 'cmake_clean_cache': False, 'cmake_clean_first': False, 'cmake_force_configure': False, 'cmake_target': None, 'cmake_target_skip_unavailable': False, 'install_base': '/home/user/snc/install/snc', 'lookup_in_workspace': False, 'merge_install': False, 'path': '/home/user/snc', 'symlink_install': False, 'test_result_base': None}
[5.777s] INFO:colcon.colcon_core.executor:Executing jobs using 'parallel' executor
[5.784s] DEBUG:colcon.colcon_parallel_executor.executor.parallel:run_until_complete
[5.785s] INFO:colcon.colcon_ros.task.ament_python.build:Building ROS package in '/home/user/snc' with build type 'ament_python'
[5.785s] Level 1:colcon.colcon_core.shell:create_environment_hook('snc', 'ament_prefix_path')
[5.803s] INFO:colcon.colcon_core.plugin_system:Skipping extension 'colcon_core.shell.bat': Not used on non-Windows systems
[5.804s] INFO:colcon.colcon_core.shell:Creating environment hook '/home/user/snc/install/snc/share/snc/hook/ament_prefix_path.ps1'
[5.809s] INFO:colcon.colcon_core.shell:Creating environment descriptor '/home/user/snc/install/snc/share/snc/hook/ament_prefix_path.dsv'
[5.812s] INFO:colcon.colcon_core.shell:Creating environment hook '/home/user/snc/install/snc/share/snc/hook/ament_prefix_path.sh'
[5.889s] INFO:colcon.colcon_core.shell:Skip shell extension 'powershell' for command environment: Not usable outside of PowerShell
[5.892s] DEBUG:colcon.colcon_core.shell:Skip shell extension 'dsv' for command environment
[8.102s] INFO:colcon.colcon_core.task.python.build:Building Python package in '/home/user/snc'
[8.102s] INFO:colcon.colcon_core.shell:Skip shell extension 'powershell' for command environment: Not usable outside of PowerShell
[8.103s] DEBUG:colcon.colcon_core.shell:Skip shell extension 'dsv' for command environment
[13.171s] DEBUG:colcon.colcon_core.event_handler.log_command:Invoking command in '/home/user/snc': PYTHONPATH=/home/user/snc/build/snc/prefix_override:/home/user/snc/install/snc/lib/python3.10/site-packages:${PYTHONPATH} _=/usr/bin/env /usr/bin/python3 -W ignore:setup.py install is deprecated setup.py egg_info --egg-base build/snc build --build-base /home/user/snc/build/snc/build install --record /home/user/snc/build/snc/install.log --single-version-externally-managed install_data
[15.201s] DEBUG:colcon.colcon_core.event_handler.log_command:Invoked command in '/home/user/snc' returned '0': PYTHONPATH=/home/user/snc/build/snc/prefix_override:/home/user/snc/install/snc/lib/python3.10/site-packages:${PYTHONPATH} _=/usr/bin/env /usr/bin/python3 -W ignore:setup.py install is deprecated setup.py egg_info --egg-base build/snc build --build-base /home/user/snc/build/snc/build install --record /home/user/snc/build/snc/install.log --single-version-externally-managed install_data
[15.220s] Level 1:colcon.colcon_core.environment:checking '/home/user/snc/install/snc' for CMake module files
[15.221s] Level 1:colcon.colcon_core.environment:checking '/home/user/snc/install/snc' for CMake config files
[15.223s] Level 1:colcon.colcon_core.environment:checking '/home/user/snc/install/snc/lib'
[15.223s] Level 1:colcon.colcon_core.environment:checking '/home/user/snc/install/snc/bin'
[15.223s] Level 1:colcon.colcon_core.environment:checking '/home/user/snc/install/snc/lib/pkgconfig/snc.pc'
[15.224s] Level 1:colcon.colcon_core.environment:checking '/home/user/snc/install/snc/lib/python3.10/site-packages'
[15.224s] Level 1:colcon.colcon_core.shell:create_environment_hook('snc', 'pythonpath')
[15.224s] INFO:colcon.colcon_core.shell:Creating environment hook '/home/user/snc/install/snc/share/snc/hook/pythonpath.ps1'
[15.225s] INFO:colcon.colcon_core.shell:Creating environment descriptor '/home/user/snc/install/snc/share/snc/hook/pythonpath.dsv'
[15.225s] INFO:colcon.colcon_core.shell:Creating environment hook '/home/user/snc/install/snc/share/snc/hook/pythonpath.sh'
[15.226s] Level 1:colcon.colcon_core.environment:checking '/home/user/snc/install/snc/bin'
[15.226s] Level 1:colcon.colcon_core.environment:create_environment_scripts_only(snc)
[15.226s] INFO:colcon.colcon_core.shell:Creating package script '/home/user/snc/install/snc/share/snc/package.ps1'
[15.310s] INFO:colcon.colcon_core.shell:Creating package descriptor '/home/user/snc/install/snc/share/snc/package.dsv'
[15.373s] INFO:colcon.colcon_core.shell:Creating package script '/home/user/snc/install/snc/share/snc/package.sh'
[15.376s] INFO:colcon.colcon_core.shell:Creating package script '/home/user/snc/install/snc/share/snc/package.bash'
[15.389s] INFO:colcon.colcon_core.shell:Creating package script '/home/user/snc/install/snc/share/snc/package.zsh'
[15.398s] Level 1:colcon.colcon_core.environment:create_file_with_runtime_dependencies(/home/user/snc/install/snc/share/colcon-core/packages/snc)
[15.403s] DEBUG:colcon.colcon_parallel_executor.executor.parallel:closing loop
[15.403s] DEBUG:colcon.colcon_parallel_executor.executor.parallel:loop closed
[15.403s] DEBUG:colcon.colcon_parallel_executor.executor.parallel:run_until_complete finished with '0'
[15.403s] DEBUG:colcon.colcon_core.event_reactor:joining thread
[15.432s] INFO:colcon.colcon_core.plugin_system:Skipping extension 'colcon_notification.desktop_notification.notify_send': Could not find 'notify-send'
[15.432s] INFO:colcon.colcon_core.plugin_system:Skipping extension 'colcon_notification.desktop_notification.terminal_notifier': Not used on non-Darwin systems
[15.432s] INFO:colcon.colcon_core.plugin_system:Skipping extension 'colcon_notification.desktop_notification.win32': Not used on non-Windows systems
[15.432s] INFO:colcon.colcon_notification.desktop_notification:Sending desktop notification using 'notify2'
[15.478s] DEBUG:colcon.colcon_notification.desktop_notification.notify2:Failed to initialize notify2: org.freedesktop.DBus.Error.Spawn.ExecFailed: /usr/bin/dbus-launch terminated abnormally without any error message
[15.478s] DEBUG:colcon.colcon_core.event_reactor:joined thread
[15.479s] INFO:colcon.colcon_core.shell:Creating prefix script '/home/user/snc/install/local_setup.ps1'
[15.483s] INFO:colcon.colcon_core.shell:Creating prefix util module '/home/user/snc/install/_local_setup_util_ps1.py'
[15.487s] INFO:colcon.colcon_core.shell:Creating prefix chain script '/home/user/snc/install/setup.ps1'
[15.499s] INFO:colcon.colcon_core.shell:Creating prefix script '/home/user/snc/install/local_setup.sh'
[15.507s] INFO:colcon.colcon_core.shell:Creating prefix util module '/home/user/snc/install/_local_setup_util_sh.py'
[15.508s] INFO:colcon.colcon_core.shell:Creating prefix chain script '/home/user/snc/install/setup.sh'
[15.524s] INFO:colcon.colcon_core.shell:Creating prefix script '/home/user/snc/install/local_setup.bash'
[15.525s] INFO:colcon.colcon_core.shell:Creating prefix chain script '/home/user/snc/install/setup.bash'
[15.577s] INFO:colcon.colcon_core.shell:Creating prefix script '/home/user/snc/install/local_setup.zsh'
[15.582s] INFO:colcon.colcon_core.shell:Creating prefix chain script '/home/user/snc/install/setup.zsh'
